<?xml version="1.0" encoding="UTF-8"?>
<!-- Generated by org.testng.reporters.JUnitReportReporter -->
<testsuite hostname="PRIYA" failures="0" tests="1" name="Testng3.drag_and_drop" time="0.556" errors="0" timestamp="2024-12-09T12:37:11 IST" skipped="0">
  <testcase classname="Testng3.drag_and_drop" name="test1" time="0.556"/>
  <system-out/>
</testsuite> <!-- Testng3.drag_and_drop -->
