<?xml version="1.0" encoding="UTF-8"?>
<!-- Generated by org.testng.reporters.JUnitReportReporter -->
<testsuite hostname="PRIYA" failures="0" tests="1" name="Testng3.Demoaction" time="37.915" errors="0" timestamp="2024-12-09T12:16:35 IST" skipped="0">
  <testcase classname="Testng3.Demoaction" name="Test1" time="37.915"/>
  <system-out/>
</testsuite> <!-- Testng3.Demoaction -->
