<?xml version="1.0" encoding="UTF-8"?>
<!-- Generated by org.testng.reporters.JUnitReportReporter -->
<testsuite hostname="PRIYA" failures="0" tests="2" name="Testng3.Cross_Browsing" time="3.912" errors="0" timestamp="2024-12-07T16:45:13 IST" skipped="0">
  <testcase classname="Testng3.Cross_Browsing" name="test" time="1.395"/>
  <system-out/>
  <testcase classname="Testng3.Cross_Browsing" name="test" time="2.517"/>
  <system-out/>
</testsuite> <!-- Testng3.Cross_Browsing -->
