<?xml version="1.0" encoding="UTF-8"?>
<!-- Generated by org.testng.reporters.JUnitReportReporter -->
<testsuite hostname="PRIYA" failures="0" tests="1" name="Testing.Fblogintest" time="2.986" errors="0" timestamp="2024-12-16T12:57:53 IST" skipped="0">
  <testcase classname="Testing.Fblogintest" name="testlogin" time="2.986"/>
  <system-out/>
</testsuite> <!-- Testing.Fblogintest -->
