<?xml version="1.0" encoding="UTF-8"?>
<!-- Generated by org.testng.reporters.JUnitReportReporter -->
<testsuite hostname="PRIYA" failures="0" tests="1" name="Testng3.Guruaction" time="29.394" errors="0" timestamp="2024-12-07T16:05:01 IST" skipped="0">
  <testcase classname="Testng3.Guruaction" name="test1" time="29.394"/>
  <system-out/>
</testsuite> <!-- Testng3.Guruaction -->
